#
# A fatal error has been detected by the Java Runtime Environment:
#
#  Internal Error (sharedRuntime.cpp:532), pid=15903, tid=10243
#  Error: ShouldNotReachHere()
#
# JRE version: OpenJDK Runtime Environment Zulu16.28+11-CA (16.0+36) (build 16+36)
# Java VM: OpenJDK 64-Bit Server VM Zulu16.28+11-CA (16+36, mixed mode, tiered, compressed oops, g1 gc, bsd-aarch64)
# No core dump will be written. Core dumps have been disabled. To enable core dumping, try "ulimit -c unlimited" before starting Java again
#
# If you would like to submit a bug report, please visit:
#   http://www.azulsystems.com/support/
#

---------------  S U M M A R Y ------------

Command Line: -Dapplication.home=/Library/Java/JavaVirtualMachines/zulu-16.jdk/Contents/Home --add-modules=ALL-DEFAULT -Xms8m -Djdk.module.main=jdk.compiler jdk.compiler/com.sun.tools.javac.Main

Host: MacBookPro17,1 arm64 1 MHz, 8 cores, 8G, Darwin 20.5.0, macOS 11.4 (20F71)
Time: Tue Jun 22 11:45:56 2021 CDT elapsed time: 0.128571 seconds (0d 0h 0m 0s)

---------------  T H R E A D  ---------------

Current thread (0x0000000125008800):  JavaThread "main" [_thread_in_Java, id=10243, stack(0x000000016f4f4000,0x000000016f6f7000)]

Stack: [0x000000016f4f4000,0x000000016f6f7000],  sp=0x000000016f6f5750,  free space=2053k
Native frames: (J=compiled Java code, A=aot compiled Java code, j=interpreted, Vv=VM code, C=native code)
V  [libjvm.dylib+0x9abf04]  VMError::report_and_die(int, char const*, char const*, char*, Thread*, unsigned char*, void*, void*, char const*, int, unsigned long)+0x46c
V  [libjvm.dylib+0x9ac658]  VMError::report_and_die(Thread*, void*, char const*, int, char const*, char const*, char*)+0x40
V  [libjvm.dylib+0x2a9dd0]  report_vm_error(char const*, int, char const*, char const*, ...)+0x5c
V  [libjvm.dylib+0x2a9fa4]  report_should_not_reach_here(char const*, int)+0x2c
V  [libjvm.dylib+0x81388c]  SharedRuntime::raw_exception_handler_for_return_address(JavaThread*, unsigned char*)+0x178
V  [libjvm.dylib+0x813930]  SharedRuntime::exception_handler_for_return_address(JavaThread*, unsigned char*)+0x28
v  ~StubRoutines::forward exception
j  java.lang.Class.forName(Ljava/lang/String;ZLjava/lang/ClassLoader;)Ljava/lang/Class;+43 java.base@16
j  java.util.ResourceBundle$3.run()Ljava/lang/Class;+9 java.base@16
j  java.util.ResourceBundle$3.run()Ljava/lang/Object;+1 java.base@16
j  java.security.AccessController.executePrivileged(Ljava/security/PrivilegedAction;Ljava/security/AccessControlContext;Ljava/lang/Class;)Ljava/lang/Object;+29 java.base@16
j  java.security.AccessController.doPrivileged(Ljava/security/PrivilegedAction;)Ljava/lang/Object;+5 java.base@16
j  java.util.ResourceBundle.getResourceBundleProviderType(Ljava/lang/String;Ljava/lang/ClassLoader;)Ljava/lang/Class;+85 java.base@16
j  java.util.ResourceBundle.getServiceLoader(Ljava/lang/Module;Ljava/lang/String;)Ljava/util/ServiceLoader;+16 java.base@16
j  java.util.ResourceBundle$CacheKey.getProviders()Ljava/util/ServiceLoader;+16 java.base@16
j  java.util.ResourceBundle$CacheKey.hasProviders()Z+1 java.base@16
j  java.util.ResourceBundle.loadBundle(Ljava/util/ResourceBundle$CacheKey;Ljava/util/List;Ljava/util/ResourceBundle$Control;Ljava/lang/Module;Ljava/lang/Module;)Ljava/util/ResourceBundle;+16 java.base@16
j  java.util.ResourceBundle.findBundle(Ljava/lang/Module;Ljava/lang/Module;Ljava/util/ResourceBundle$CacheKey;Ljava/util/List;Ljava/util/List;ILjava/util/ResourceBundle$Control;Ljava/util/ResourceBundle;)Ljava/util/ResourceBundle;+249 java.base@16
j  java.util.ResourceBundle.findBundle(Ljava/lang/Module;Ljava/lang/Module;Ljava/util/ResourceBundle$CacheKey;Ljava/util/List;Ljava/util/List;ILjava/util/ResourceBundle$Control;Ljava/util/ResourceBundle;)Ljava/util/ResourceBundle;+43 java.base@16
j  java.util.ResourceBundle.findBundle(Ljava/lang/Module;Ljava/lang/Module;Ljava/util/ResourceBundle$CacheKey;Ljava/util/List;Ljava/util/List;ILjava/util/ResourceBundle$Control;Ljava/util/ResourceBundle;)Ljava/util/ResourceBundle;+43 java.base@16
j  java.util.ResourceBundle.getBundleImpl(Ljava/lang/Module;Ljava/lang/Module;Ljava/lang/String;Ljava/util/Locale;Ljava/util/ResourceBundle$Control;)Ljava/util/ResourceBundle;+196 java.base@16
j  java.util.ResourceBundle.getBundleImpl(Ljava/lang/String;Ljava/util/Locale;Ljava/lang/Class;Ljava/lang/ClassLoader;Ljava/util/ResourceBundle$Control;)Ljava/util/ResourceBundle;+45 java.base@16
j  java.util.ResourceBundle.getBundleImpl(Ljava/lang/String;Ljava/util/Locale;Ljava/lang/Class;Ljava/util/ResourceBundle$Control;)Ljava/util/ResourceBundle;+8 java.base@16
j  java.util.ResourceBundle.getBundle(Ljava/lang/String;Ljava/util/Locale;)Ljava/util/ResourceBundle;+12 java.base@16
j  com.sun.tools.javac.util.JavacMessages.lambda$add$0(Ljava/lang/String;Ljava/util/Locale;)Ljava/util/ResourceBundle;+2 jdk.compiler@16
j  com.sun.tools.javac.util.JavacMessages$$Lambda$20+0x000000030008d738.getResourceBundle(Ljava/util/Locale;)Ljava/util/ResourceBundle;+5 jdk.compiler@16
j  com.sun.tools.javac.util.JavacMessages.getBundles(Ljava/util/Locale;)Lcom/sun/tools/javac/util/List;+92 jdk.compiler@16
j  com.sun.tools.javac.util.JavacMessages.setCurrentLocale(Ljava/util/Locale;)V+11 jdk.compiler@16
j  com.sun.tools.javac.util.JavacMessages.<init>(Ljava/lang/String;Ljava/util/Locale;)V+29 jdk.compiler@16
j  com.sun.tools.javac.util.JavacMessages.<init>(Lcom/sun/tools/javac/util/Context;)V+12 jdk.compiler@16
j  com.sun.tools.javac.util.JavacMessages.instance(Lcom/sun/tools/javac/util/Context;)Lcom/sun/tools/javac/util/JavacMessages;+20 jdk.compiler@16
j  com.sun.tools.javac.util.JCDiagnostic$Factory.<init>(Lcom/sun/tools/javac/util/Context;)V+2 jdk.compiler@16
j  com.sun.tools.javac.util.JCDiagnostic$Factory.instance(Lcom/sun/tools/javac/util/Context;)Lcom/sun/tools/javac/util/JCDiagnostic$Factory;+20 jdk.compiler@16
j  com.sun.tools.javac.util.Log.<init>(Lcom/sun/tools/javac/util/Context;Ljava/util/Map;)V+2 jdk.compiler@16
j  com.sun.tools.javac.util.Log.<init>(Lcom/sun/tools/javac/util/Context;)V+6 jdk.compiler@16
j  com.sun.tools.javac.util.Log.instance(Lcom/sun/tools/javac/util/Context;)Lcom/sun/tools/javac/util/Log;+20 jdk.compiler@16
j  com.sun.tools.javac.main.Main.compile([Ljava/lang/String;Lcom/sun/tools/javac/util/Context;)Lcom/sun/tools/javac/main/Main$Result;+38 jdk.compiler@16
j  com.sun.tools.javac.main.Main.compile([Ljava/lang/String;)Lcom/sun/tools/javac/main/Main$Result;+15 jdk.compiler@16
j  com.sun.tools.javac.Main.compile([Ljava/lang/String;)I+12 jdk.compiler@16
j  com.sun.tools.javac.Main.main([Ljava/lang/String;)V+1 jdk.compiler@16
v  ~StubRoutines::call_stub
V  [libjvm.dylib+0x43f718]  JavaCalls::call_helper(JavaValue*, methodHandle const&, JavaCallArguments*, Thread*)+0x30c
V  [libjvm.dylib+0x4a115c]  jni_invoke_static(JNIEnv_*, JavaValue*, _jobject*, JNICallType, _jmethodID*, JNI_ArgumentPusher*, Thread*)+0x120
V  [libjvm.dylib+0x4a4570]  jni_CallStaticVoidMethod+0x120
C  [libjli.dylib+0x5430]  JavaMain+0x9d4
C  [libjli.dylib+0x778c]  ThreadJavaMain+0xc
C  [libsystem_pthread.dylib+0x7878]  _pthread_start+0x140


---------------  P R O C E S S  ---------------

Threads class SMR info:
_java_thread_list=0x000000012478cdd0, length=11, elements={
0x0000000125008800, 0x0000000125042a00, 0x0000000125045200, 0x000000012504bc00,
0x0000000124881000, 0x0000000124883800, 0x000000012504c200, 0x000000012504d200,
0x0000000138009200, 0x00000001248cee00, 0x00000001248df400
}

Java Threads: ( => current thread )
=>0x0000000125008800 JavaThread "main" [_thread_in_Java, id=10243, stack(0x000000016f4f4000,0x000000016f6f7000)]
  0x0000000125042a00 JavaThread "Reference Handler" daemon [_thread_blocked, id=17923, stack(0x0000000170348000,0x000000017054b000)]
  0x0000000125045200 JavaThread "Finalizer" daemon [_thread_blocked, id=17411, stack(0x0000000170554000,0x0000000170757000)]
  0x000000012504bc00 JavaThread "Signal Dispatcher" daemon [_thread_blocked, id=22275, stack(0x0000000170878000,0x0000000170a7b000)]
  0x0000000124881000 JavaThread "Service Thread" daemon [_thread_blocked, id=42243, stack(0x0000000170a84000,0x0000000170c87000)]
  0x0000000124883800 JavaThread "Monitor Deflation Thread" daemon [_thread_blocked, id=41987, stack(0x0000000170c90000,0x0000000170e93000)]
  0x000000012504c200 JavaThread "C2 CompilerThread0" daemon [_thread_blocked, id=41475, stack(0x0000000170e9c000,0x000000017109f000)]
  0x000000012504d200 JavaThread "C1 CompilerThread0" daemon [_thread_blocked, id=23043, stack(0x00000001710a8000,0x00000001712ab000)]
  0x0000000138009200 JavaThread "Sweeper thread" daemon [_thread_blocked, id=23299, stack(0x00000001712b4000,0x00000001714b7000)]
  0x00000001248cee00 JavaThread "Common-Cleaner" daemon [_thread_blocked, id=23555, stack(0x00000001714c0000,0x00000001716c3000)]
  0x00000001248df400 JavaThread "Notification Thread" daemon [_thread_blocked, id=24067, stack(0x00000001716cc000,0x00000001718cf000)]

Other Threads:
  0x0000000124738d30 VMThread "VM Thread" [stack: 0x000000017013c000,0x000000017033f000] [id=15363]
  0x000000012478d680 WatcherThread [stack: 0x00000001718d8000,0x0000000171adb000] [id=40451]
  0x000000012471e830 GCTaskThread "GC Thread#0" [stack: 0x000000016f700000,0x000000016f903000] [id=12291]
  0x00000001246154d0 ConcurrentGCThread "G1 Main Marker" [stack: 0x000000016f90c000,0x000000016fb0f000] [id=12803]
  0x0000000124616260 ConcurrentGCThread "G1 Conc#0" [stack: 0x000000016fb18000,0x000000016fd1b000] [id=13315]
  0x0000000124722850 ConcurrentGCThread "G1 Refine#0" [stack: 0x000000016fd24000,0x000000016ff27000] [id=18947]
  0x00000001246170b0 ConcurrentGCThread "G1 Service" [stack: 0x000000016ff30000,0x0000000170133000] [id=14083]

Threads with active compile tasks:

VM state: not at safepoint (normal execution)

VM Mutex/Monitor currently owned by a thread: None

Heap address: 0x0000000740000000, size: 2048 MB, Compressed Oops mode: Zero based, Oop shift amount: 3
Compressed class space mapped at: 0x0000000300000000-0x0000000340000000, reserved size: 1073741824
Narrow klass base: 0x0000000000000000, Narrow klass shift: 3, Narrow klass range: 0x340000000

GC Precious Log:
 CPUs: 8 total, 8 available
 Memory: 8192M
 Large Page Support: Disabled
 NUMA Support: Disabled
 Compressed Oops: Enabled (Zero based)
 Heap Region Size: 1M
 Heap Min Capacity: 8M
 Heap Initial Capacity: 8M
 Heap Max Capacity: 2G
 Pre-touch: Disabled
 Parallel Workers: 8
 Concurrent Workers: 2
 Concurrent Refinement Workers: 8
 Periodic GC: Disabled

Heap:
 garbage-first heap   total 8192K, used 2048K [0x0000000740000000, 0x00000007c0000000)
  region size 1024K, 3 young (3072K), 0 survivors (0K)
 Metaspace       used 6521K, committed 6656K, reserved 1056768K
  class space    used 588K, committed 640K, reserved 1048576K

Heap Regions: E=young(eden), S=young(survivor), O=old, HS=humongous(starts), HC=humongous(continues), CS=collection set, F=free, OA=open archive, CA=closed archive, TAMS=top-at-mark-start (previous, next)
|   0|0x0000000740000000, 0x0000000740000000, 0x0000000740100000|  0%| F|  |TAMS 0x0000000740000000, 0x0000000740000000| Untracked 
|   1|0x0000000740100000, 0x0000000740100000, 0x0000000740200000|  0%| F|  |TAMS 0x0000000740100000, 0x0000000740100000| Untracked 
|   2|0x0000000740200000, 0x0000000740200000, 0x0000000740300000|  0%| F|  |TAMS 0x0000000740200000, 0x0000000740200000| Untracked 
|   3|0x0000000740300000, 0x0000000740300000, 0x0000000740400000|  0%| F|  |TAMS 0x0000000740300000, 0x0000000740300000| Untracked 
|   4|0x0000000740400000, 0x0000000740400000, 0x0000000740500000|  0%| F|  |TAMS 0x0000000740400000, 0x0000000740400000| Untracked 
|   5|0x0000000740500000, 0x000000074051f3b8, 0x0000000740600000| 12%| E|  |TAMS 0x0000000740500000, 0x0000000740500000| Complete 
|   6|0x0000000740600000, 0x0000000740700000, 0x0000000740700000|100%| E|CS|TAMS 0x0000000740600000, 0x0000000740600000| Complete 
|   7|0x0000000740700000, 0x0000000740800000, 0x0000000740800000|100%| E|CS|TAMS 0x0000000740700000, 0x0000000740700000| Complete 

Card table byte_map: [0x000000011db68000,0x000000011df68000] _byte_map_base: 0x000000011a168000

Marking Bits (Prev, Next): (CMBitMap*) 0x0000000125012610, (CMBitMap*) 0x0000000125012650
 Prev Bits: [0x000000011e368000, 0x0000000120368000)
 Next Bits: [0x0000000120368000, 0x0000000122368000)

Polling page: 0x0000000100a28000

Metaspace:

Usage:
  Non-class:      5.79 MB used.
      Class:    588.33 KB used.
       Both:      6.37 MB used.

Virtual space:
  Non-class space:        8.00 MB reserved,       5.88 MB ( 73%) committed,  1 nodes.
      Class space:        1.00 GB reserved,     640.00 KB ( <1%) committed,  1 nodes.
              Both:        1.01 GB reserved,       6.50 MB ( <1%) committed. 

Chunk freelists:
   Non-Class:  2.05 MB
       Class:  3.19 MB
        Both:  5.23 MB

MaxMetaspaceSize: 17179869184.00 GB
CompressedClassSpaceSize: 1.00 GB
 - commit_granule_bytes: 65536.
 - commit_granule_words: 8192.
 - virtual_space_node_default_size: 1048576.
 - enlarge_chunks_in_place: 1.
 - new_chunks_are_fully_committed: 0.
 - uncommit_free_chunks: 1.
 - use_allocation_guard: 0.
 - handle_deallocations: 1.


Internal statistics:

num_allocs_failed_limit: 0.
num_arena_births: 52.
num_arena_deaths: 0.
num_vsnodes_births: 2.
num_vsnodes_deaths: 0.
num_space_committed: 104.
num_space_uncommitted: 0.
num_chunks_returned_to_freelist: 0.
num_chunks_taken_from_freelist: 93.
num_chunk_merges: 0.
num_chunk_splits: 53.
num_chunks_enlarged: 36.
num_purges: 0.

CodeHeap 'non-profiled nmethods': size=120032Kb used=78Kb max_used=78Kb free=119954Kb
 bounds [0x0000000116230000, 0x00000001164a0000, 0x000000011d768000]
CodeHeap 'profiled nmethods': size=120016Kb used=426Kb max_used=426Kb free=119589Kb
 bounds [0x000000010ecfc000, 0x000000010ef6c000, 0x0000000116230000]
CodeHeap 'non-nmethods': size=5712Kb used=1046Kb max_used=1073Kb free=4665Kb
 bounds [0x000000010e768000, 0x000000010e9d8000, 0x000000010ecfc000]
 total_blobs=632 nmethods=295 adapters=254
 compilation: enabled
              stopped_count=0, restarted_count=0
 full_count=0

Compilation events (20 events):
Event: 0.125 Thread 0x000000012504d200 nmethod 286 0x000000010ed63210 code [0x000000010ed633c0, 0x000000010ed63558]
Event: 0.125 Thread 0x000000012504d200  287       3       java.nio.DirectByteBufferR::slice (66 bytes)
Event: 0.125 Thread 0x000000012504d200 nmethod 287 0x000000010ed63610 code [0x000000010ed637c0, 0x000000010ed63a58]
Event: 0.125 Thread 0x000000012504d200  288       3       java.nio.ByteBuffer::<init> (14 bytes)
Event: 0.125 Thread 0x000000012504d200 nmethod 288 0x000000010ed63b90 code [0x000000010ed63d40, 0x000000010ed63ed8]
Event: 0.126 Thread 0x000000012504c200 nmethod 278 0x0000000116242f10 code [0x0000000116243100, 0x00000001162435a0]
Event: 0.126 Thread 0x000000012504d200  289       3       jdk.internal.jimage.ImageStringsReader::get (9 bytes)
Event: 0.126 Thread 0x000000012504d200 nmethod 289 0x000000010ed63f90 code [0x000000010ed64140, 0x000000010ed64358]
Event: 0.126 Thread 0x000000012504d200  290       3       jdk.internal.jimage.BasicImageReader::getString (49 bytes)
Event: 0.126 Thread 0x000000012504d200 nmethod 290 0x000000010ed64410 code [0x000000010ed64600, 0x000000010ed64978]
Event: 0.126 Thread 0x000000012504d200  291       3       jdk.internal.jimage.ImageStringsReader::stringFromByteBuffer (28 bytes)
Event: 0.126 Thread 0x000000012504d200 nmethod 291 0x000000010ed64b10 code [0x000000010ed64d00, 0x000000010ed65128]
Event: 0.126 Thread 0x000000012504d200  292       3       java.nio.MappedByteBuffer::rewind (5 bytes)
Event: 0.127 Thread 0x000000012504d200 nmethod 292 0x000000010ed65290 code [0x000000010ed65440, 0x000000010ed656a8]
Event: 0.127 Thread 0x000000012504d200  293       3       java.nio.MappedByteBuffer::rewind (7 bytes)
Event: 0.127 Thread 0x000000012504d200 nmethod 293 0x000000010ed65810 code [0x000000010ed659c0, 0x000000010ed65be8]
Event: 0.127 Thread 0x000000012504d200  294       3       jdk.internal.org.objectweb.asm.Handler::getExceptionTableLength (21 bytes)
Event: 0.127 Thread 0x000000012504d200 nmethod 294 0x000000010ed65d10 code [0x000000010ed65ec0, 0x000000010ed66068]
Event: 0.128 Thread 0x000000012504d200  295       3       jdk.internal.misc.Unsafe::allocateUninitializedArray (55 bytes)
Event: 0.128 Thread 0x000000012504d200 nmethod 295 0x000000010ed66190 code [0x000000010ed663c0, 0x000000010ed66828]

GC Heap History (0 events):
No events

Deoptimization events (0 events):
No events

Classes unloaded (0 events):
No events

Classes redefined (0 events):
No events

Internal exceptions (18 events):
Event: 0.075 Thread 0x0000000125008800 Exception <a 'java/lang/NoSuchMethodError'{0x0000000740786b30}: 'int java.lang.invoke.DirectMethodHandle$Holder.invokeStatic(java.lang.Object, java.lang.Object)'> (0x0000000740786b30) 
thrown [src/hotspot/share/interpreter/linkResolver.cpp, line 790]
Event: 0.076 Thread 0x0000000125008800 Exception <a 'java/lang/NoSuchMethodError'{0x000000074078ffc0}: 'java.lang.Object java.lang.invoke.Invokers$Holder.invokeExact_MT(java.lang.Object, java.lang.Object, java.lang.Object, java.lang.Object, java.lang.Object, java.lang.Object, java.lang.Object, java.lang.Object)'> (0x000000074078ffc0) 
thrown [src/hotspot/share/interpreter/linkResolver.cpp, line 790]
Event: 0.079 Thread 0x0000000125008800 Exception <a 'java/lang/NoSuchMethodError'{0x000000074079c2c0}: 'java.lang.Object java.lang.invoke.DirectMethodHandle$Holder.invokeStatic(java.lang.Object, java.lang.Object, java.lang.Object)'> (0x000000074079c2c0) 
thrown [src/hotspot/share/interpreter/linkResolver.cpp, line 790]
Event: 0.080 Thread 0x0000000125008800 Exception <a 'java/lang/NoSuchMethodError'{0x00000007407b4a00}: 'java.lang.Object java.lang.invoke.DirectMethodHandle$Holder.getReference(java.lang.Object, java.lang.Object)'> (0x00000007407b4a00) 
thrown [src/hotspot/share/interpreter/linkResolver.cpp, line 790]
Event: 0.080 Thread 0x0000000125008800 Exception <a 'java/lang/NoSuchMethodError'{0x00000007407b8db8}: 'java.lang.Object java.lang.invoke.LambdaForm$Holder.identity_L(java.lang.Object, java.lang.Object)'> (0x00000007407b8db8) 
thrown [src/hotspot/share/interpreter/linkResolver.cpp, line 790]
Event: 0.080 Thread 0x0000000125008800 Exception <a 'java/lang/NoSuchMethodError'{0x00000007407bbcf8}: 'java.lang.Object java.lang.invoke.LambdaForm$Holder.zero_L(java.lang.Object)'> (0x00000007407bbcf8) 
thrown [src/hotspot/share/interpreter/linkResolver.cpp, line 790]
Event: 0.082 Thread 0x0000000125008800 Exception <a 'java/lang/NoSuchMethodError'{0x00000007407c3718}: 'java.lang.Object java.lang.invoke.DirectMethodHandle$Holder.invokeSpecial(java.lang.Object, java.lang.Object)'> (0x00000007407c3718) 
thrown [src/hotspot/share/interpreter/linkResolver.cpp, line 790]
Event: 0.082 Thread 0x0000000125008800 Exception <a 'java/lang/NoSuchMethodError'{0x00000007407c6d50}: 'java.lang.Object java.lang.invoke.Invokers$Holder.linkToTargetMethod(java.lang.Object)'> (0x00000007407c6d50) 
thrown [src/hotspot/share/interpreter/linkResolver.cpp, line 790]
Event: 0.083 Thread 0x0000000125008800 Exception <a 'java/lang/NoSuchMethodError'{0x00000007407d4268}: 'java.lang.Object java.lang.invoke.DirectMethodHandle$Holder.newInvokeSpecial(java.lang.Object, java.lang.Object)'> (0x00000007407d4268) 
thrown [src/hotspot/share/interpreter/linkResolver.cpp, line 790]
Event: 0.084 Thread 0x0000000125008800 Exception <a 'java/lang/NoSuchMethodError'{0x00000007407d7f90}: 'java.lang.Object java.lang.invoke.DirectMethodHandle$Holder.invokeSpecial(java.lang.Object, java.lang.Object, java.lang.Object)'> (0x00000007407d7f90) 
thrown [src/hotspot/share/interpreter/linkResolver.cpp, line 790]
Event: 0.084 Thread 0x0000000125008800 Exception <a 'java/lang/NoSuchMethodError'{0x00000007407db478}: 'java.lang.Object java.lang.invoke.Invokers$Holder.linkToTargetMethod(java.lang.Object, java.lang.Object)'> (0x00000007407db478) 
thrown [src/hotspot/share/interpreter/linkResolver.cpp, line 790]
Event: 0.084 Thread 0x0000000125008800 Exception <a 'java/lang/NoSuchMethodError'{0x00000007407df020}: 'java.lang.Object java.lang.invoke.DirectMethodHandle$Holder.invokeVirtual(java.lang.Object, java.lang.Object)'> (0x00000007407df020) 
thrown [src/hotspot/share/interpreter/linkResolver.cpp, line 790]
Event: 0.085 Thread 0x0000000125008800 Exception <a 'java/lang/NoSuchMethodError'{0x00000007407e6340}: 'java.lang.Object java.lang.invoke.DirectMethodHandle$Holder.newInvokeSpecial(java.lang.Object)'> (0x00000007407e6340) 
thrown [src/hotspot/share/interpreter/linkResolver.cpp, line 790]
Event: 0.086 Thread 0x0000000125008800 Exception <a 'java/lang/NoSuchMethodError'{0x00000007407ec030}: 'int java.lang.invoke.DirectMethodHandle$Holder.invokeInterface(java.lang.Object, java.lang.Object, java.lang.Object)'> (0x00000007407ec030) 
thrown [src/hotspot/share/interpreter/linkResolver.cpp, line 790]
Event: 0.086 Thread 0x0000000125008800 Exception <a 'java/lang/NoSuchMethodError'{0x00000007407f5498}: 'java.lang.Object java.lang.invoke.DirectMethodHandle$Holder.invokeStatic(java.lang.Object, java.lang.Object)'> (0x00000007407f5498) 
thrown [src/hotspot/share/interpreter/linkResolver.cpp, line 790]
Event: 0.088 Thread 0x0000000125008800 Exception <a 'java/lang/NoSuchMethodError'{0x00000007407fe750}: 'int java.lang.invoke.DirectMethodHandle$Holder.invokeSpecial(java.lang.Object, java.lang.Object)'> (0x00000007407fe750) 
thrown [src/hotspot/share/interpreter/linkResolver.cpp, line 790]
Event: 0.119 Thread 0x0000000125008800 Exception <a 'java/lang/NoSuchMethodError'{0x00000007406c4f40}: 'int java.lang.invoke.DirectMethodHandle$Holder.invokeStatic(java.lang.Object, int)'> (0x00000007406c4f40) 
thrown [src/hotspot/share/interpreter/linkResolver.cpp, line 790]
Event: 0.123 Thread 0x0000000125008800 Exception <a 'java/lang/NoSuchMethodError'{0x00000007406ecd60}: 'java.lang.Object java.lang.invoke.DirectMethodHandle$Holder.invokeStatic(java.lang.Object)'> (0x00000007406ecd60) 
thrown [src/hotspot/share/interpreter/linkResolver.cpp, line 790]

Events (20 events):
Event: 0.128 loading class java/util/ResourceBundle$Control$CandidateListCache
Event: 0.128 loading class sun/util/locale/LocaleObjectCache
Event: 0.128 loading class sun/util/locale/LocaleObjectCache done
Event: 0.128 loading class java/util/ResourceBundle$Control$CandidateListCache done
Event: 0.128 loading class java/util/ResourceBundle$CacheKey
Event: 0.128 loading class java/util/ResourceBundle$CacheKey done
Event: 0.128 loading class java/util/ResourceBundle$KeyElementReference
Event: 0.128 loading class java/util/ResourceBundle$CacheKeyReference
Event: 0.128 loading class java/util/ResourceBundle$CacheKeyReference done
Event: 0.128 loading class java/util/ResourceBundle$KeyElementReference done
Event: 0.128 loading class java/util/LinkedList
Event: 0.128 loading class java/util/AbstractSequentialList
Event: 0.128 loading class java/util/AbstractSequentialList done
Event: 0.128 loading class java/util/LinkedList done
Event: 0.128 loading class java/util/LinkedList$Node
Event: 0.128 loading class java/util/LinkedList$Node done
Event: 0.128 loading class sun/util/locale/LocaleObjectCache$CacheEntry
Event: 0.128 loading class sun/util/locale/LocaleObjectCache$CacheEntry done
Event: 0.128 loading class java/util/ResourceBundle$3
Event: 0.128 loading class java/util/ResourceBundle$3 done


Dynamic libraries:
0x000000018eb9d000 	/usr/lib/libz.1.dylib
0x00000001009b0000 	/Library/Java/JavaVirtualMachines/zulu-16.jdk/Contents/Home/lib/libjli.dylib
0x00000001990a7000 	/System/Library/Frameworks/Cocoa.framework/Versions/A/Cocoa
0x0000000186fea000 	/System/Library/Frameworks/Security.framework/Versions/A/Security
0x0000000197415000 	/System/Library/Frameworks/ApplicationServices.framework/Versions/A/ApplicationServices
0x000000018ec43000 	/usr/lib/libSystem.B.dylib
0x000000018ec3d000 	/usr/lib/system/libcache.dylib
0x000000018ebfc000 	/usr/lib/system/libcommonCrypto.dylib
0x000000018ec26000 	/usr/lib/system/libcompiler_rt.dylib
0x000000018ec1d000 	/usr/lib/system/libcopyfile.dylib
0x0000000184f60000 	/usr/lib/system/libcorecrypto.dylib
0x0000000185000000 	/usr/lib/system/libdispatch.dylib
0x00000001851b9000 	/usr/lib/system/libdyld.dylib
0x000000018ec33000 	/usr/lib/system/libkeymgr.dylib
0x0000000192064000 	/usr/lib/system/liblaunch.dylib
0x000000018ebde000 	/usr/lib/system/libmacho.dylib
0x000000018e450000 	/usr/lib/system/libquarantine.dylib
0x000000018ec30000 	/usr/lib/system/libremovefile.dylib
0x0000000189a46000 	/usr/lib/system/libsystem_asl.dylib
0x0000000184f0e000 	/usr/lib/system/libsystem_blocks.dylib
0x0000000185082000 	/usr/lib/system/libsystem_c.dylib
0x000000018ec2a000 	/usr/lib/system/libsystem_collections.dylib
0x000000018da8a000 	/usr/lib/system/libsystem_configuration.dylib
0x000000018ce0d000 	/usr/lib/system/libsystem_containermanager.dylib
0x000000018e9b3000 	/usr/lib/system/libsystem_coreservices.dylib
0x00000001875c1000 	/usr/lib/system/libsystem_darwin.dylib
0x000000018ec34000 	/usr/lib/system/libsystem_dnssd.dylib
0x000000018507f000 	/usr/lib/system/libsystem_featureflags.dylib
0x0000000185202000 	/usr/lib/system/libsystem_info.dylib
0x000000018ebaf000 	/usr/lib/system/libsystem_m.dylib
0x0000000184fd4000 	/usr/lib/system/libsystem_malloc.dylib
0x00000001899e1000 	/usr/lib/system/libsystem_networkextension.dylib
0x0000000187a04000 	/usr/lib/system/libsystem_notify.dylib
0x0000000194512000 	/usr/lib/system/libsystem_product_info_filter.dylib
0x000000018da8f000 	/usr/lib/system/libsystem_sandbox.dylib
0x000000018ec2d000 	/usr/lib/system/libsystem_secinit.dylib
0x0000000185178000 	/usr/lib/system/libsystem_kernel.dylib
0x00000001851fb000 	/usr/lib/system/libsystem_platform.dylib
0x00000001851ac000 	/usr/lib/system/libsystem_pthread.dylib
0x000000018afb3000 	/usr/lib/system/libsystem_symptoms.dylib
0x0000000184f48000 	/usr/lib/system/libsystem_trace.dylib
0x000000018ec0a000 	/usr/lib/system/libunwind.dylib
0x0000000184f10000 	/usr/lib/system/libxpc.dylib
0x0000000185160000 	/usr/lib/libc++abi.dylib
0x0000000185045000 	/usr/lib/libobjc.A.dylib
0x000000018ec15000 	/usr/lib/liboah.dylib
0x0000000185104000 	/usr/lib/libc++.1.dylib
0x000000018522e000 	/System/Library/Frameworks/CoreFoundation.framework/Versions/A/CoreFoundation
0x0000000185ff5000 	/System/Library/Frameworks/Foundation.framework/Versions/C/Foundation
0x0000000187a5e000 	/System/Library/Frameworks/AppKit.framework/Versions/C/AppKit
0x000000018a87c000 	/System/Library/Frameworks/CoreData.framework/Versions/A/CoreData
0x000000018879e000 	/System/Library/PrivateFrameworks/UIFoundation.framework/Versions/A/UIFoundation
0x00000001942a4000 	/System/Library/PrivateFrameworks/RemoteViewServices.framework/Versions/A/RemoteViewServices
0x000000018d4be000 	/System/Library/PrivateFrameworks/XCTTargetBootstrap.framework/Versions/A/XCTTargetBootstrap
0x000000018fdfd000 	/usr/lib/libspindump.dylib
0x00000001889c5000 	/System/Library/Frameworks/UniformTypeIdentifiers.framework/Versions/A/UniformTypeIdentifiers
0x000000018baa6000 	/usr/lib/libapp_launch_measurement.dylib
0x000000018baa9000 	/System/Library/PrivateFrameworks/CoreAutoLayout.framework/Versions/A/CoreAutoLayout
0x000000018ce3b000 	/System/Library/Frameworks/Metal.framework/Versions/A/Metal
0x000000018da9a000 	/usr/lib/liblangid.dylib
0x000000018d4c2000 	/System/Library/PrivateFrameworks/CoreSVG.framework/Versions/A/CoreSVG
0x0000000189a78000 	/System/Library/PrivateFrameworks/SkyLight.framework/Versions/A/SkyLight
0x0000000189de3000 	/System/Library/Frameworks/CoreGraphics.framework/Versions/A/CoreGraphics
0x00000001947c4000 	/System/Library/Frameworks/Accelerate.framework/Versions/A/Accelerate
0x000000018f857000 	/System/Library/PrivateFrameworks/IconServices.framework/Versions/A/IconServices
0x000000018ce1f000 	/System/Library/Frameworks/IOSurface.framework/Versions/A/IOSurface
0x000000018b14a000 	/usr/lib/libDiagnosticMessagesClient.dylib
0x000000018d4a6000 	/System/Library/PrivateFrameworks/DFRFoundation.framework/Versions/A/DFRFoundation
0x000000018734f000 	/usr/lib/libicucore.A.dylib
0x000000019134e000 	/System/Library/Frameworks/AudioToolbox.framework/Versions/A/AudioToolbox
0x0000000190563000 	/System/Library/PrivateFrameworks/DataDetectorsCore.framework/Versions/A/DataDetectorsCore
0x00000001899f3000 	/usr/lib/libMobileGestalt.dylib
0x000000018d19b000 	/System/Library/Frameworks/Carbon.framework/Versions/A/Frameworks/HIToolbox.framework/Versions/A/HIToolbox
0x000000018b545000 	/System/Library/Frameworks/QuartzCore.framework/Versions/A/QuartzCore
0x00000001942dc000 	/System/Library/Frameworks/Carbon.framework/Versions/A/Frameworks/SpeechRecognition.framework/Versions/A/SpeechRecognition
0x000000018b844000 	/System/Library/PrivateFrameworks/CoreUI.framework/Versions/A/CoreUI
0x00000001869cf000 	/System/Library/Frameworks/CoreAudio.framework/Versions/A/CoreAudio
0x000000018b233000 	/System/Library/Frameworks/DiskArbitration.framework/Versions/A/DiskArbitration
0x00000001901b0000 	/System/Library/PrivateFrameworks/MultitouchSupport.framework/Versions/A/MultitouchSupport
0x000000019055a000 	/System/Library/PrivateFrameworks/InternationalSupport.framework/Versions/A/InternationalSupport
0x00000001899f1000 	/usr/lib/libenergytrace.dylib
0x0000000187938000 	/System/Library/Frameworks/IOKit.framework/Versions/A/IOKit
0x0000000194607000 	/System/Library/Frameworks/CoreServices.framework/Versions/A/CoreServices
0x000000018ba3c000 	/System/Library/PrivateFrameworks/PerformanceAnalysis.framework/Versions/A/PerformanceAnalysis
0x00000001c71a8000 	/System/Library/Frameworks/OpenGL.framework/Versions/A/OpenGL
0x00000001905d8000 	/System/Library/PrivateFrameworks/UserActivity.framework/Versions/A/UserActivity
0x000000018a3d1000 	/System/Library/Frameworks/ColorSync.framework/Versions/A/ColorSync
0x000000018d70c000 	/System/Library/Frameworks/CoreImage.framework/Versions/A/CoreImage
0x00000001867ff000 	/System/Library/Frameworks/CoreText.framework/Versions/A/CoreText
0x000000018d4ed000 	/System/Library/Frameworks/ImageIO.framework/Versions/A/ImageIO
0x000000018ec49000 	/System/Library/PrivateFrameworks/SoftLinking.framework/Versions/A/SoftLinking
0x000000018baec000 	/usr/lib/libxml2.2.dylib
0x000000018eec9000 	/usr/lib/libcompression.dylib
0x00000001904a6000 	/System/Library/PrivateFrameworks/TextureIO.framework/Versions/A/TextureIO
0x000000018f5b4000 	/usr/lib/libate.dylib
0x000000018f3fd000 	/usr/lib/liblzma.5.dylib
0x0000000185d0a000 	/System/Library/Frameworks/SystemConfiguration.framework/Versions/A/SystemConfiguration
0x000000018ec45000 	/usr/lib/libfakelink.dylib
0x0000000189558000 	/System/Library/Frameworks/CFNetwork.framework/Versions/A/CFNetwork
0x000000018ed8f000 	/usr/lib/libarchive.2.dylib
0x0000000185d92000 	/usr/lib/libCRFSuite.dylib
0x000000018e47a000 	/usr/lib/libbsm.0.dylib
0x0000000188e0f000 	/usr/lib/libnetwork.dylib
0x000000018ec4a000 	/usr/lib/libpcap.A.dylib
0x000000018afab000 	/usr/lib/libdns_services.dylib
0x000000018f416000 	/usr/lib/libcoretls_cfhelpers.dylib
0x000000018ee98000 	/usr/lib/libapple_nghttp2.dylib
0x000000018ebe4000 	/usr/lib/system/libkxld.dylib
0x000000018ac3c000 	/usr/lib/libsqlite3.dylib
0x000000018e996000 	/System/Library/PrivateFrameworks/AppleFSCompression.framework/Versions/A/AppleFSCompression
0x000000018e463000 	/usr/lib/libcoretls.dylib
0x000000018eec4000 	/usr/lib/libpam.2.dylib
0x000000018f4fd000 	/usr/lib/libxar.1.dylib
0x000000018da96000 	/System/Library/PrivateFrameworks/AppleSystemInfo.framework/Versions/A/AppleSystemInfo
0x000000018e0b3000 	/System/Library/PrivateFrameworks/IOMobileFramebuffer.framework/Versions/A/IOMobileFramebuffer
0x000000018e9a6000 	/usr/lib/libbz2.1.0.dylib
0x000000018ec86000 	/usr/lib/libiconv.2.dylib
0x000000018ebdd000 	/usr/lib/libcharset.1.dylib
0x000000018ba75000 	/System/Library/Frameworks/CoreServices.framework/Versions/A/Frameworks/FSEvents.framework/Versions/A/FSEvents
0x00000001875cc000 	/System/Library/Frameworks/CoreServices.framework/Versions/A/Frameworks/CarbonCore.framework/Versions/A/CarbonCore
0x000000018b199000 	/System/Library/Frameworks/CoreServices.framework/Versions/A/Frameworks/Metadata.framework/Versions/A/Metadata
0x000000018e9b8000 	/System/Library/Frameworks/CoreServices.framework/Versions/A/Frameworks/OSServices.framework/Versions/A/OSServices
0x000000018ee00000 	/System/Library/Frameworks/CoreServices.framework/Versions/A/Frameworks/SearchKit.framework/Versions/A/SearchKit
0x000000018af37000 	/System/Library/Frameworks/CoreServices.framework/Versions/A/Frameworks/AE.framework/Versions/A/AE
0x00000001856dd000 	/System/Library/Frameworks/CoreServices.framework/Versions/A/Frameworks/LaunchServices.framework/Versions/A/LaunchServices
0x000000018f3aa000 	/System/Library/Frameworks/CoreServices.framework/Versions/A/Frameworks/DictionaryServices.framework/Versions/A/DictionaryServices
0x000000018ba82000 	/System/Library/Frameworks/CoreServices.framework/Versions/A/Frameworks/SharedFileList.framework/Versions/A/SharedFileList
0x000000018e453000 	/usr/lib/libCheckFix.dylib
0x0000000189a5e000 	/System/Library/PrivateFrameworks/TCC.framework/Versions/A/TCC
0x000000018da9c000 	/System/Library/PrivateFrameworks/CoreNLP.framework/Versions/A/CoreNLP
0x000000018b14d000 	/System/Library/PrivateFrameworks/MetadataUtilities.framework/Versions/A/MetadataUtilities
0x0000000185dc6000 	/usr/lib/libmecabra.dylib
0x000000018e739000 	/System/Library/Frameworks/MLCompute.framework/Versions/A/MLCompute
0x000000018e48b000 	/usr/lib/libmecab.dylib
0x000000018e4d1000 	/usr/lib/libgermantok.dylib
0x000000018ee71000 	/usr/lib/libThaiTokenizer.dylib
0x000000018f539000 	/usr/lib/libChineseTokenizer.dylib
0x000000018eec2000 	/System/Library/Frameworks/MetalPerformanceShaders.framework/Versions/A/MetalPerformanceShaders
0x000000018b23a000 	/System/Library/Frameworks/Accelerate.framework/Versions/A/Frameworks/vImage.framework/Versions/A/vImage
0x00000001945e5000 	/System/Library/Frameworks/Accelerate.framework/Versions/A/Frameworks/vecLib.framework/Versions/A/vecLib
0x000000018f544000 	/System/Library/Frameworks/Accelerate.framework/Versions/A/Frameworks/vecLib.framework/Versions/A/libvMisc.dylib
0x000000018dff1000 	/System/Library/Frameworks/Accelerate.framework/Versions/A/Frameworks/vecLib.framework/Versions/A/libvDSP.dylib
0x00000001859f0000 	/System/Library/Frameworks/Accelerate.framework/Versions/A/Frameworks/vecLib.framework/Versions/A/libBLAS.dylib
0x000000018eeed000 	/System/Library/Frameworks/Accelerate.framework/Versions/A/Frameworks/vecLib.framework/Versions/A/libLAPACK.dylib
0x000000018e4d6000 	/System/Library/Frameworks/Accelerate.framework/Versions/A/Frameworks/vecLib.framework/Versions/A/libLinearAlgebra.dylib
0x000000018eeaf000 	/System/Library/Frameworks/Accelerate.framework/Versions/A/Frameworks/vecLib.framework/Versions/A/libSparseBLAS.dylib
0x000000018eee8000 	/System/Library/Frameworks/Accelerate.framework/Versions/A/Frameworks/vecLib.framework/Versions/A/libQuadrature.dylib
0x000000018db32000 	/System/Library/Frameworks/Accelerate.framework/Versions/A/Frameworks/vecLib.framework/Versions/A/libBNNS.dylib
0x0000000185ca6000 	/System/Library/Frameworks/Accelerate.framework/Versions/A/Frameworks/vecLib.framework/Versions/A/libSparse.dylib
0x000000018da25000 	/System/Library/Frameworks/MetalPerformanceShaders.framework/Versions/A/Frameworks/MPSCore.framework/Versions/A/MPSCore
0x000000018e90e000 	/System/Library/Frameworks/MetalPerformanceShaders.framework/Versions/A/Frameworks/MPSImage.framework/Versions/A/MPSImage
0x000000018e4eb000 	/System/Library/Frameworks/MetalPerformanceShaders.framework/Versions/A/Frameworks/MPSNeuralNetwork.framework/Versions/A/MPSNeuralNetwork
0x000000018e88c000 	/System/Library/Frameworks/MetalPerformanceShaders.framework/Versions/A/Frameworks/MPSMatrix.framework/Versions/A/MPSMatrix
0x000000018e6ef000 	/System/Library/Frameworks/MetalPerformanceShaders.framework/Versions/A/Frameworks/MPSRayIntersector.framework/Versions/A/MPSRayIntersector
0x000000018e8bb000 	/System/Library/Frameworks/MetalPerformanceShaders.framework/Versions/A/Frameworks/MPSNDArray.framework/Versions/A/MPSNDArray
0x0000000185916000 	/System/Library/PrivateFrameworks/MetalTools.framework/Versions/A/MetalTools
0x000000018da94000 	/System/Library/PrivateFrameworks/AggregateDictionary.framework/Versions/A/AggregateDictionary
0x000000018b117000 	/System/Library/PrivateFrameworks/CoreAnalytics.framework/Versions/A/CoreAnalytics
0x000000018ee73000 	/System/Library/PrivateFrameworks/AppleSauce.framework/Versions/A/AppleSauce
0x000000018ce31000 	/System/Library/PrivateFrameworks/IOAccelerator.framework/Versions/A/IOAccelerator
0x00000001c719b000 	/System/Library/Frameworks/OpenGL.framework/Versions/A/Libraries/libCoreFSCache.dylib
0x0000000186382000 	/System/Library/PrivateFrameworks/LanguageModeling.framework/Versions/A/LanguageModeling
0x000000018e0a0000 	/System/Library/PrivateFrameworks/CoreEmoji.framework/Versions/A/CoreEmoji
0x000000018db2a000 	/System/Library/PrivateFrameworks/LinguisticData.framework/Versions/A/LinguisticData
0x0000000185c5b000 	/System/Library/PrivateFrameworks/Lexicon.framework/Versions/A/Lexicon
0x000000018ed7c000 	/usr/lib/libcmph.dylib
0x000000018ba55000 	/System/Library/Frameworks/OpenDirectory.framework/Versions/A/Frameworks/CFOpenDirectory.framework/Versions/A/CFOpenDirectory
0x000000018ba47000 	/System/Library/Frameworks/OpenDirectory.framework/Versions/A/OpenDirectory
0x000000018f418000 	/System/Library/PrivateFrameworks/APFS.framework/Versions/A/APFS
0x000000018e3bc000 	/System/Library/Frameworks/SecurityFoundation.framework/Versions/A/SecurityFoundation
0x000000018f50b000 	/usr/lib/libutil.dylib
0x00000001878fc000 	/System/Library/PrivateFrameworks/CoreServicesStore.framework/Versions/A/CoreServicesStore
0x000000018e44a000 	/System/Library/Frameworks/ServiceManagement.framework/Versions/A/ServiceManagement
0x000000018f50f000 	/usr/lib/libxslt.1.dylib
0x000000018e440000 	/System/Library/PrivateFrameworks/BackgroundTaskManagement.framework/Versions/A/BackgroundTaskManagement
0x00000001903f5000 	/System/Library/Frameworks/ImageIO.framework/Versions/A/Resources/libRadiance.dylib
0x00000001903fe000 	/System/Library/Frameworks/ImageIO.framework/Versions/A/Resources/libJPEG.dylib
0x000000019034d000 	/System/Library/Frameworks/ImageIO.framework/Versions/A/Resources/libPng.dylib
0x0000000190374000 	/System/Library/Frameworks/ImageIO.framework/Versions/A/Resources/libTIFF.dylib
0x000000019044f000 	/System/Library/Frameworks/ImageIO.framework/Versions/A/Resources/libGIF.dylib
0x00000001900ca000 	/System/Library/Frameworks/ImageIO.framework/Versions/A/Resources/libJP2.dylib
0x000000018f821000 	/usr/lib/libexpat.1.dylib
0x0000000190086000 	/System/Library/PrivateFrameworks/AppleJPEG.framework/Versions/A/AppleJPEG
0x000000018d042000 	/System/Library/PrivateFrameworks/FontServices.framework/libFontParser.dylib
0x000000018aee9000 	/System/Library/PrivateFrameworks/RunningBoardServices.framework/Versions/A/RunningBoardServices
0x00000001995d6000 	/System/Library/PrivateFrameworks/IOSurfaceAccelerator.framework/Versions/A/IOSurfaceAccelerator
0x00000001901ac000 	/System/Library/PrivateFrameworks/WatchdogClient.framework/Versions/A/WatchdogClient
0x0000000186472000 	/System/Library/Frameworks/CoreDisplay.framework/Versions/A/CoreDisplay
0x000000018cf4a000 	/System/Library/Frameworks/CoreMedia.framework/Versions/A/CoreMedia
0x000000018bbd9000 	/System/Library/Frameworks/CoreVideo.framework/Versions/A/CoreVideo
0x00000001901e9000 	/System/Library/Frameworks/VideoToolbox.framework/Versions/A/VideoToolbox
0x000000018ae66000 	/System/Library/PrivateFrameworks/BaseBoard.framework/Versions/A/BaseBoard
0x000000018f95e000 	/System/Library/PrivateFrameworks/PersistentConnection.framework/Versions/A/PersistentConnection
0x000000018ac25000 	/System/Library/PrivateFrameworks/ProtocolBuffer.framework/Versions/A/ProtocolBuffer
0x000000018ae4f000 	/System/Library/PrivateFrameworks/CommonUtilities.framework/Versions/A/CommonUtilities
0x000000019004b000 	/System/Library/PrivateFrameworks/Bom.framework/Versions/A/Bom
0x00000001903f0000 	/System/Library/PrivateFrameworks/GPUWrangler.framework/Versions/A/GPUWrangler
0x00000001903d1000 	/System/Library/PrivateFrameworks/IOPresentment.framework/Versions/A/IOPresentment
0x00000001903f8000 	/System/Library/PrivateFrameworks/DSExternalDisplay.framework/Versions/A/DSExternalDisplay
0x0000000190454000 	/System/Library/PrivateFrameworks/CMCaptureCore.framework/Versions/A/CMCaptureCore
0x000000018fde6000 	/System/Library/PrivateFrameworks/AppServerSupport.framework/Versions/A/AppServerSupport
0x0000000191e1e000 	/System/Library/PrivateFrameworks/perfdata.framework/Versions/A/perfdata
0x000000018e3ac000 	/System/Library/PrivateFrameworks/AssertionServices.framework/Versions/A/AssertionServices
0x0000000186595000 	/System/Library/PrivateFrameworks/AudioToolboxCore.framework/Versions/A/AudioToolboxCore
0x000000018cf2a000 	/System/Library/PrivateFrameworks/caulk.framework/Versions/A/caulk
0x00000001a0bec000 	/System/Library/PrivateFrameworks/SystemPolicy.framework/Versions/A/SystemPolicy
0x000000018f646000 	/usr/lib/libIOReport.dylib
0x00000001916ba000 	/usr/lib/libSMC.dylib
0x000000019031a000 	/usr/lib/libAudioToolboxUtility.dylib
0x00000001a1571000 	/usr/lib/libmis.dylib
0x00000001c71fd000 	/System/Library/Frameworks/OpenGL.framework/Versions/A/Libraries/libGLU.dylib
0x00000001c71bb000 	/System/Library/Frameworks/OpenGL.framework/Versions/A/Libraries/libGFXShared.dylib
0x00000001c73a3000 	/System/Library/Frameworks/OpenGL.framework/Versions/A/Libraries/libGL.dylib
0x00000001c71c4000 	/System/Library/Frameworks/OpenGL.framework/Versions/A/Libraries/libGLImage.dylib
0x00000001c71b8000 	/System/Library/Frameworks/OpenGL.framework/Versions/A/Libraries/libCVMSPluginSupport.dylib
0x00000001c71a2000 	/System/Library/Frameworks/OpenGL.framework/Versions/A/Libraries/libCoreVMClient.dylib
0x000000019811a000 	/System/Library/PrivateFrameworks/ASEProcessing.framework/Versions/A/ASEProcessing
0x000000018f985000 	/System/Library/PrivateFrameworks/GraphVisualizer.framework/Versions/A/GraphVisualizer
0x000000018f993000 	/System/Library/PrivateFrameworks/FaceCore.framework/Versions/A/FaceCore
0x000000018fda6000 	/System/Library/PrivateFrameworks/OTSVG.framework/Versions/A/OTSVG
0x000000018b802000 	/System/Library/Frameworks/ApplicationServices.framework/Versions/A/Frameworks/ATS.framework/Versions/A/Resources/libFontRegistry.dylib
0x000000018fdee000 	/System/Library/PrivateFrameworks/FontServices.framework/libhvf.dylib
0x00000001c753e000 	/System/Library/Frameworks/OpenCL.framework/Versions/A/OpenCL
0x000000018f7d5000 	/System/Library/PrivateFrameworks/AppleVA.framework/Versions/A/AppleVA
0x0000000191506000 	/System/Library/Frameworks/ApplicationServices.framework/Versions/A/Frameworks/ATS.framework/Versions/A/ATS
0x0000000191819000 	/System/Library/Frameworks/ApplicationServices.framework/Versions/A/Frameworks/ColorSyncLegacy.framework/Versions/A/ColorSyncLegacy
0x000000018a4c7000 	/System/Library/Frameworks/ApplicationServices.framework/Versions/A/Frameworks/HIServices.framework/Versions/A/HIServices
0x00000001917f8000 	/System/Library/Frameworks/ApplicationServices.framework/Versions/A/Frameworks/LangAnalysis.framework/Versions/A/LangAnalysis
0x000000019045e000 	/System/Library/Frameworks/ApplicationServices.framework/Versions/A/Frameworks/PrintCore.framework/Versions/A/PrintCore
0x0000000191821000 	/System/Library/Frameworks/ApplicationServices.framework/Versions/A/Frameworks/QD.framework/Versions/A/QD
0x00000001914f2000 	/System/Library/Frameworks/ApplicationServices.framework/Versions/A/Frameworks/SpeechSynthesis.framework/Versions/A/SpeechSynthesis
0x000000019041f000 	/System/Library/Frameworks/ApplicationServices.framework/Versions/A/Frameworks/ATSUI.framework/Versions/A/ATSUI
0x000000019179a000 	/usr/lib/libcups.2.dylib
0x000000019180c000 	/System/Library/PrivateFrameworks/NetAuth.framework/Versions/A/NetAuth
0x0000000191e38000 	/System/Library/Frameworks/Kerberos.framework/Versions/A/Kerberos
0x0000000191e49000 	/System/Library/Frameworks/GSS.framework/Versions/A/GSS
0x0000000191575000 	/usr/lib/libresolv.9.dylib
0x000000018fe04000 	/System/Library/PrivateFrameworks/Heimdal.framework/Versions/A/Heimdal
0x0000000197705000 	/System/Library/Frameworks/Kerberos.framework/Versions/A/Libraries/libHeimdalProxy.dylib
0x000000018afbb000 	/System/Library/Frameworks/Network.framework/Versions/A/Network
0x000000018f83b000 	/usr/lib/libheimdal-asn1.dylib
0x0000000191e91000 	/System/Library/PrivateFrameworks/CommonAuth.framework/Versions/A/CommonAuth
0x000000018bc2d000 	/System/Library/PrivateFrameworks/login.framework/Versions/A/Frameworks/loginsupport.framework/Versions/A/loginsupport
0x0000000191477000 	/System/Library/PrivateFrameworks/AudioSession.framework/Versions/A/AudioSession
0x00000001914df000 	/usr/lib/libAudioStatistics.dylib
0x000000018f8bb000 	/System/Library/PrivateFrameworks/MediaExperience.framework/Versions/A/MediaExperience
0x0000000191318000 	/System/Library/PrivateFrameworks/AudioSession.framework/libSessionUtility.dylib
0x0000000191e2a000 	/usr/lib/libperfcheck.dylib
0x000000019182d000 	/System/Library/PrivateFrameworks/AudioResourceArbitration.framework/Versions/A/AudioResourceArbitration
0x000000018f844000 	/System/Library/PrivateFrameworks/IconFoundation.framework/Versions/A/IconFoundation
0x00000001942cc000 	/System/Library/PrivateFrameworks/SpeechRecognitionCore.framework/Versions/A/SpeechRecognitionCore
0x0000000105000000 	/Library/Java/JavaVirtualMachines/zulu-16.jdk/Contents/Home/lib/server/libjvm.dylib
0x0000000100a14000 	/Library/Java/JavaVirtualMachines/zulu-16.jdk/Contents/Home/lib/libjimage.dylib
0x0000000100a78000 	/Library/Java/JavaVirtualMachines/zulu-16.jdk/Contents/Home/lib/libjava.dylib
0x0000000100e14000 	/Library/Java/JavaVirtualMachines/zulu-16.jdk/Contents/Home/lib/libnio.dylib
0x0000000100e34000 	/Library/Java/JavaVirtualMachines/zulu-16.jdk/Contents/Home/lib/libnet.dylib


VM Arguments:
jvm_args: -Dapplication.home=/Library/Java/JavaVirtualMachines/zulu-16.jdk/Contents/Home --add-modules=ALL-DEFAULT -Xms8m -Djdk.module.main=jdk.compiler 
java_command: jdk.compiler/com.sun.tools.javac.Main
java_class_path (initial): <not set>
Launcher Type: SUN_STANDARD

[Global flags]
     intx CICompilerCount                          = 4                                         {product} {ergonomic}
     uint ConcGCThreads                            = 2                                         {product} {ergonomic}
     uint G1ConcRefinementThreads                  = 8                                         {product} {ergonomic}
   size_t G1HeapRegionSize                         = 1048576                                   {product} {ergonomic}
    uintx GCDrainStackTargetSize                   = 64                                        {product} {ergonomic}
   size_t InitialHeapSize                          = 8388608                                   {product} {command line}
   size_t MarkStackSize                            = 4194304                                   {product} {ergonomic}
   size_t MaxHeapSize                              = 2147483648                                {product} {ergonomic}
   size_t MaxNewSize                               = 1287651328                                {product} {ergonomic}
   size_t MinHeapDeltaBytes                        = 1048576                                   {product} {ergonomic}
   size_t MinHeapSize                              = 8388608                                   {product} {command line}
    uintx NonNMethodCodeHeapSize                   = 5839564                                {pd product} {ergonomic}
    uintx NonProfiledCodeHeapSize                  = 122909338                              {pd product} {ergonomic}
    uintx ProfiledCodeHeapSize                     = 122909338                              {pd product} {ergonomic}
    uintx ReservedCodeCacheSize                    = 251658240                              {pd product} {ergonomic}
     bool SegmentedCodeCache                       = true                                      {product} {ergonomic}
   size_t SoftMaxHeapSize                          = 2147483648                             {manageable} {ergonomic}
     bool UseCompressedClassPointers               = true                           {product lp64_product} {ergonomic}
     bool UseCompressedOops                        = true                           {product lp64_product} {ergonomic}
     bool UseG1GC                                  = true                                      {product} {ergonomic}
     bool UseNUMA                                  = false                                     {product} {ergonomic}
     bool UseNUMAInterleaving                      = false                                     {product} {ergonomic}

Logging:
Log output configuration:
 #0: stdout all=warning uptime,level,tags
 #1: stderr all=off uptime,level,tags

Environment Variables:
PATH=/opt/homebrew/bin:/usr/local/bin:/usr/bin:/bin:/usr/sbin:/sbin
SHELL=/bin/zsh
LC_CTYPE=en_US.UTF-8

Signal Handlers:
SIGSEGV: [libjvm.dylib+0x9ace24], sa_mask[0]=11100110000111110111111111111111, sa_flags=SA_ONSTACK|SA_RESTART|SA_SIGINFO
SIGBUS: [libjvm.dylib+0x9ace24], sa_mask[0]=11100110000111110111111111111111, sa_flags=SA_RESTART|SA_SIGINFO
SIGFPE: [libjvm.dylib+0x9ace24], sa_mask[0]=11100110000111110111111111111111, sa_flags=SA_RESTART|SA_SIGINFO
SIGPIPE: [libjvm.dylib+0x896640], sa_mask[0]=11100110000111110111111111111111, sa_flags=SA_RESTART|SA_SIGINFO
SIGXFSZ: [libjvm.dylib+0x896640], sa_mask[0]=11100110000111110111111111111111, sa_flags=SA_RESTART|SA_SIGINFO
SIGILL: [libjvm.dylib+0x9ace24], sa_mask[0]=11100110000111110111111111111111, sa_flags=SA_RESTART|SA_SIGINFO
SIGUSR2: [libjvm.dylib+0x897078], sa_mask[0]=00000000000000000000000000000000, sa_flags=SA_RESTART|SA_SIGINFO
SIGHUP: [libjvm.dylib+0x8956f0], sa_mask[0]=11100110000111110111111111111111, sa_flags=SA_RESTART|SA_SIGINFO
SIGINT: [libjvm.dylib+0x8956f0], sa_mask[0]=11100110000111110111111111111111, sa_flags=SA_RESTART|SA_SIGINFO
SIGTERM: [libjvm.dylib+0x8956f0], sa_mask[0]=11100110000111110111111111111111, sa_flags=SA_RESTART|SA_SIGINFO
SIGQUIT: [libjvm.dylib+0x8956f0], sa_mask[0]=11100110000111110111111111111111, sa_flags=SA_RESTART|SA_SIGINFO
SIGTRAP: [libjvm.dylib+0x9ace24], sa_mask[0]=11100110000111110111111111111111, sa_flags=SA_RESTART|SA_SIGINFO


---------------  S Y S T E M  ---------------

OS:uname: Darwin 20.5.0 Darwin Kernel Version 20.5.0: Sat May  8 05:10:31 PDT 2021; root:xnu-7195.121.3~9/RELEASE_ARM64_T8101 arm64
OS uptime: 20 days 2:58 hours
rlimit (soft/hard): STACK 8176k/65520k , CORE 0k/infinity , NPROC 1333/2000 , NOFILE 10240/infinity , AS infinity/infinity , CPU infinity/infinity , DATA infinity/infinity , FSIZE infinity/infinity , MEMLOCK infinity/infinity , RSS infinity/infinity
load average: 1.91 2.10 2.19

CPU: total 8 (initial active 8) 0x61:0x0:0x1b588bb3:0, simd, crc, lse

Memory: 16k page, physical 8388608k(91488k free), swap 2097152k(1023232k free)

vm_info: OpenJDK 64-Bit Server VM (16+36) for bsd-aarch64 JRE (16+36) (Zulu16.28+11-CA), built on Mar  9 2021 03:14:09 by "zulu_re" with clang Apple LLVM 12.0.0 (clang-1200.0.32.28)

END.
